!SESSION 2017-11-19 14:30:05.367 -----------------------------------------------
eclipse.buildId=4.7.1.M20170906-1700
java.version=1.8.0_144
java.vendor=Oracle Corporation
BootLoader constants: OS=macosx, ARCH=x86_64, WS=cocoa, NL=en_US
Framework arguments:  -product org.eclipse.epp.package.cpp.product -keyring /Users/sowmyasvsk/.eclipse_keyring
Command-line arguments:  -os macosx -ws cocoa -arch x86_64 -product org.eclipse.epp.package.cpp.product -keyring /Users/sowmyasvsk/.eclipse_keyring

!ENTRY org.eclipse.osgi 4 0 2017-11-19 14:30:09.688
!MESSAGE Application error
!STACK 1
org.eclipse.swt.SWTException: Device is disposed
	at org.eclipse.swt.SWT.error(SWT.java:4533)
	at org.eclipse.swt.SWT.error(SWT.java:4448)
	at org.eclipse.swt.SWT.error(SWT.java:4419)
	at org.eclipse.swt.widgets.Display.error(Display.java:1089)
	at org.eclipse.swt.widgets.Display.checkDevice(Display.java:633)
	at org.eclipse.swt.widgets.Display.getData(Display.java:1450)
	at org.eclipse.ui.internal.WorkbenchPlugin.unsetSplashShell(WorkbenchPlugin.java:1268)
	at org.eclipse.ui.internal.ide.application.IDEApplication.start(IDEApplication.java:143)
	at org.eclipse.equinox.internal.app.EclipseAppHandle.run(EclipseAppHandle.java:196)
	at org.eclipse.core.runtime.internal.adaptor.EclipseAppLauncher.runApplication(EclipseAppLauncher.java:134)
	at org.eclipse.core.runtime.internal.adaptor.EclipseAppLauncher.start(EclipseAppLauncher.java:104)
	at org.eclipse.core.runtime.adaptor.EclipseStarter.run(EclipseStarter.java:388)
	at org.eclipse.core.runtime.adaptor.EclipseStarter.run(EclipseStarter.java:243)
	at sun.reflect.NativeMethodAccessorImpl.invoke0(Native Method)
	at sun.reflect.NativeMethodAccessorImpl.invoke(NativeMethodAccessorImpl.java:62)
	at sun.reflect.DelegatingMethodAccessorImpl.invoke(DelegatingMethodAccessorImpl.java:43)
	at java.lang.reflect.Method.invoke(Method.java:498)
	at org.eclipse.equinox.launcher.Main.invokeFramework(Main.java:653)
	at org.eclipse.equinox.launcher.Main.basicRun(Main.java:590)
	at org.eclipse.equinox.launcher.Main.run(Main.java:1499)
